#
# There is insufficient memory for the Java Runtime Environment to continue.
# Native memory allocation (malloc) failed to allocate 1163136 bytes for Chunk::new
# Possible reasons:
#   The system is out of physical RAM or swap space
#   In 32 bit mode, the process size limit was hit
# Possible solutions:
#   Reduce memory load on the system
#   Increase physical memory or swap space
#   Check if swap backing store is full
#   Use 64 bit Java on a 64 bit OS
#   Decrease Java heap size (-Xmx/-Xms)
#   Decrease number of Java threads
#   Decrease Java thread stack sizes (-Xss)
#   Set larger code cache with -XX:ReservedCodeCacheSize=
# This output file may be truncated or incomplete.
#
#  Out of Memory Error (allocation.cpp:390), pid=3144, tid=0x0000000000003354
#
# JRE version: Java(TM) SE Runtime Environment (8.0_131-b11) (build 1.8.0_131-b11)
# Java VM: Java HotSpot(TM) 64-Bit Server VM (25.131-b11 mixed mode windows-amd64 compressed oops)
# Failed to write core dump. Minidumps are not enabled by default on client versions of Windows
#

---------------  T H R E A D  ---------------

Current thread (0x0000000026303000):  JavaThread "C2 CompilerThread1" daemon [_thread_in_native, id=13140, stack(0x0000000027a40000,0x0000000027b40000)]

Stack: [0x0000000027a40000,0x0000000027b40000]
[error occurred during error reporting (printing stack bounds), id 0xc0000005]

Native frames: (J=compiled Java code, j=interpreted, Vv=VM code, C=native code)


Current CompileTask:
C2:10126382 54158 %     4       com.android.tools.r8.ir.regalloc.LinearScanRegisterAllocator::computeDebugInfo @ 18 (1257 bytes)


---------------  P R O C E S S  ---------------

Java Threads: ( => current thread )
  0x00000000297b4800 JavaThread "ForkJoinPool.commonPool-worker-0" daemon [_thread_in_Java, id=11076, stack(0x000000003d0b0000,0x000000003d1b0000)]
  0x00000000297b3800 JavaThread "ForkJoinPool.commonPool-worker-3" daemon [_thread_in_native, id=748, stack(0x0000000038a60000,0x0000000038b60000)]
  0x00000000297b9000 JavaThread "ForkJoinPool.commonPool-worker-2" daemon [_thread_in_native, id=21884, stack(0x0000000034ae0000,0x0000000034be0000)]
  0x00000000297ab800 JavaThread "ForkJoinPool.commonPool-worker-1" daemon [_thread_in_native, id=22644, stack(0x000000002b800000,0x000000002b900000)]
  0x0000000029710800 JavaThread "Cache worker for Java compile cache (D:\project\FTV\AppCms_Android_Phase3\merged_development_branch\android-appcms\.gradle\4.1\javaCompile)" [_thread_blocked, id=21864, stack(0x000000003a1c0000,0x000000003a2c0000)]
  0x0000000029717800 JavaThread "Task worker for ':' Thread 3" [_thread_blocked, id=14744, stack(0x0000000034be0000,0x0000000034ce0000)]
  0x0000000029710000 JavaThread "Task worker for ':' Thread 2" [_thread_blocked, id=20580, stack(0x00000000347e0000,0x00000000348e0000)]
  0x0000000029711800 JavaThread "Task worker for ':'" [_thread_blocked, id=17148, stack(0x0000000033e40000,0x0000000033f40000)]
  0x000000002970f000 JavaThread "Cache worker for task history cache (D:\project\FTV\AppCms_Android_Phase3\merged_development_branch\android-appcms\.gradle\4.1\taskHistory)" [_thread_blocked, id=13024, stack(0x00000000338c0000,0x00000000339c0000)]
  0x0000000029714000 JavaThread "Cache worker for file content cache (D:\project\FTV\AppCms_Android_Phase3\merged_development_branch\android-appcms\.gradle\4.1\fileContent)" [_thread_blocked, id=13544, stack(0x00000000304e0000,0x00000000305e0000)]
  0x000000002de4a800 JavaThread "build operations Thread 4" [_thread_blocked, id=2848, stack(0x000000002fb20000,0x000000002fc20000)]
  0x000000002de4f000 JavaThread "build operations Thread 3" [_thread_blocked, id=23376, stack(0x000000002d0d0000,0x000000002d1d0000)]
  0x000000002de4c000 JavaThread "build operations Thread 2" [_thread_blocked, id=17616, stack(0x000000002c000000,0x000000002c100000)]
  0x000000002de4b000 JavaThread "build operations" [_thread_blocked, id=9924, stack(0x000000002bb00000,0x000000002bc00000)]
  0x000000002de50800 JavaThread "Cache worker for Artifact transforms cache (C:\Users\nitin.tyagi\.gradle\caches\transforms-1)" [_thread_blocked, id=14312, stack(0x000000002ba00000,0x000000002bb00000)]
  0x000000002de4c800 JavaThread "Cache worker for file hash cache (D:\project\FTV\AppCms_Android_Phase3\merged_development_branch\android-appcms\.gradle\4.1\fileHashes)" [_thread_blocked, id=19856, stack(0x000000002b900000,0x000000002ba00000)]
  0x000000002de49800 JavaThread "Asynchronous log dispatcher for DefaultDaemonConnection: socket connection from /127.0.0.1:56898 to /127.0.0.1:59559" [_thread_blocked, id=22576, stack(0x000000002b500000,0x000000002b600000)]
  0x000000002de46000 JavaThread "Daemon worker Thread 9" [_thread_blocked, id=11416, stack(0x000000002b400000,0x000000002b500000)]
  0x000000002de49000 JavaThread "Cancel handler" [_thread_blocked, id=21848, stack(0x0000000000bb0000,0x0000000000cb0000)]
  0x000000002de44800 JavaThread "Handler for socket connection from /127.0.0.1:56898 to /127.0.0.1:59559" [_thread_in_native, id=12844, stack(0x0000000000ab0000,0x0000000000bb0000)]
  0x000000002de47800 JavaThread "Daemon Thread 9" [_thread_blocked, id=10008, stack(0x00000000009b0000,0x0000000000ab0000)]
  0x000000002de46800 JavaThread "Java2D Disposer" daemon [_thread_blocked, id=14884, stack(0x000000003eeb0000,0x000000003efb0000)]
  0x0000000028489800 JavaThread "Memory manager" [_thread_blocked, id=15492, stack(0x0000000031bb0000,0x0000000031cb0000)]
  0x000000002848f800 JavaThread "File lock request listener" [_thread_in_native, id=6080, stack(0x000000002bf00000,0x000000002c000000)]
  0x000000002848e000 JavaThread "Cache worker for file hash cache (C:\Users\nitin.tyagi\.gradle\caches\4.1\fileHashes)" [_thread_blocked, id=22116, stack(0x000000002be00000,0x000000002bf00000)]
  0x0000000026334800 JavaThread "Daemon periodic checks" [_thread_blocked, id=22304, stack(0x000000002b300000,0x000000002b400000)]
  0x0000000028e2f800 JavaThread "Incoming local TCP Connector on port 56898" [_thread_in_native, id=12024, stack(0x000000002b120000,0x000000002b220000)]
  0x0000000028cc2800 JavaThread "Daemon health stats" [_thread_blocked, id=23472, stack(0x000000002a9e0000,0x000000002aae0000)]
  0x0000000027c62800 JavaThread "Service Thread" daemon [_thread_blocked, id=7340, stack(0x0000000028040000,0x0000000028140000)]
  0x0000000026306000 JavaThread "C1 CompilerThread2" daemon [_thread_blocked, id=14944, stack(0x0000000027b40000,0x0000000027c40000)]
=>0x0000000026303000 JavaThread "C2 CompilerThread1" daemon [_thread_in_native, id=13140, stack(0x0000000027a40000,0x0000000027b40000)]
  0x00000000262fe000 JavaThread "C2 CompilerThread0" daemon [_thread_in_native, id=15760, stack(0x0000000027940000,0x0000000027a40000)]
  0x00000000262fc000 JavaThread "Attach Listener" daemon [_thread_blocked, id=9796, stack(0x0000000027840000,0x0000000027940000)]
  0x00000000262fa800 JavaThread "Signal Dispatcher" daemon [_thread_blocked, id=7568, stack(0x0000000027740000,0x0000000027840000)]
  0x00000000026fb800 JavaThread "Finalizer" daemon [_thread_blocked, id=8160, stack(0x0000000027560000,0x0000000027660000)]
  0x00000000026ef800 JavaThread "Reference Handler" daemon [_thread_blocked, id=8068, stack(0x0000000027460000,0x0000000027560000)]
  0x00000000025fd800 JavaThread "main" [_thread_blocked, id=20224, stack(0x0000000002490000,0x0000000002590000)]

Other Threads:
  0x00000000262c8800 VMThread [stack: 0x0000000027360000,0x0000000027460000] [id=1572]
  0x0000000027c71000 WatcherThread [stack: 0x0000000028140000,0x0000000028240000] [id=13368]

VM state:not at safepoint (normal execution)

VM Mutex/Monitor currently owned by a thread: None

Heap:
 PSYoungGen      total 2030592K, used 499978K [0x000000070cb00000, 0x00000007c0000000, 0x00000007c0000000)
  eden space 1260544K, 39% used [0x000000070cb00000,0x000000072b342818,0x0000000759a00000)
  from space 770048K, 0% used [0x0000000791000000,0x0000000791000000,0x00000007c0000000)
  to   space 838656K, 0% used [0x0000000759a00000,0x0000000759a00000,0x000000078cd00000)
 ParOldGen       total 902144K, used 901795K [0x00000005a6000000, 0x00000005dd100000, 0x000000070cb00000)
  object space 902144K, 99% used [0x00000005a6000000,0x00000005dd0a8c00,0x00000005dd100000)
 Metaspace       used 156208K, capacity 167942K, committed 178176K, reserved 1204224K
  class space    used 19689K, capacity 22402K, committed 24064K, reserved 1048576K

Card table byte_map: [0x0000000011ac0000,0x0000000012ba0000] byte_map_base: 0x000000000ed90000

Marking Bits: (ParMarkBitMap*) 0x0000000056c8c720
 Begin Bits: [0x0000000013ae0000, 0x000000001c160000)
 End Bits:   [0x000000001c160000, 0x00000000247e0000)

Polling page: 0x0000000000e50000

CodeCache: size=245760Kb used=138729Kb max_used=145150Kb free=107030Kb
 bounds [0x0000000002700000, 0x000000000b570000, 0x0000000011700000]
 total_blobs=37086 nmethods=36097 adapters=898
 compilation: enabled

Compilation events (10 events):
Event: 10125.332 Thread 0x0000000026306000 54192       1       com.android.tools.r8.code.DoubleToInt::getOpcode (4 bytes)
Event: 10125.332 Thread 0x0000000026306000 nmethod 54192 0x00000000035f0390 code [0x00000000035f04e0, 0x00000000035f05f0]
Event: 10125.344 Thread 0x0000000026306000 54193 %     3       com.android.tools.r8.ir.regalloc.LiveIntervals::computeNumberOfConsecutiveRegisters @ 9 (35 bytes)
Event: 10125.344 Thread 0x0000000026306000 nmethod 54193% 0x000000000aaaa290 code [0x000000000aaaa420, 0x000000000aaaa850]
Event: 10125.560 Thread 0x0000000026306000 54194       2       com.android.tools.r8.code.MonitorExit::write (7 bytes)
Event: 10125.560 Thread 0x0000000026306000 nmethod 54194 0x000000000aaa9e90 code [0x000000000aaaa000, 0x000000000aaaa1a8]
Event: 10125.567 Thread 0x0000000026306000 54195       2       com.android.tools.r8.graph.DexValue$DexValueLong::hashCode (9 bytes)
Event: 10125.567 Thread 0x0000000026306000 nmethod 54195 0x00000000035f0050 code [0x00000000035f01a0, 0x00000000035f02f0]
Event: 10125.572 Thread 0x0000000026306000 54196       2       com.android.tools.r8.graph.DexValue$DexValueEnum::hashCode (5 bytes)
Event: 10125.572 Thread 0x0000000026306000 nmethod 54196 0x000000000601bfd0 code [0x000000000601c140, 0x000000000601c308]

GC Heap History (10 events):
Event: 10047.826 GC heap before
{Heap before GC invocations=45 (full 7):
 PSYoungGen      total 2030592K, used 587148K [0x000000070cb00000, 0x00000007c0000000, 0x00000007c0000000)
  eden space 1260544K, 0% used [0x000000070cb00000,0x000000070cb00000,0x0000000759a00000)
  from space 770048K, 76% used [0x0000000791000000,0x00000007b4d63228,0x00000007c0000000)
  to   space 838656K, 0% used [0x0000000759a00000,0x0000000759a00000,0x000000078cd00000)
 ParOldGen       total 902144K, used 854995K [0x00000005a6000000, 0x00000005dd100000, 0x000000070cb00000)
  object space 902144K, 94% used [0x00000005a6000000,0x00000005da2f4fe8,0x00000005dd100000)
 Metaspace       used 167599K, capacity 180010K, committed 180224K, reserved 1206272K
  class space    used 21130K, capacity 23996K, committed 24064K, reserved 1048576K
Event: 10059.485 GC heap after
Heap after GC invocations=45 (full 7):
 PSYoungGen      total 2030592K, used 427949K [0x000000070cb00000, 0x00000007c0000000, 0x00000007c0000000)
  eden space 1260544K, 0% used [0x000000070cb00000,0x000000070cb00000,0x0000000759a00000)
  from space 770048K, 55% used [0x0000000791000000,0x00000007ab1eb7a8,0x00000007c0000000)
  to   space 838656K, 0% used [0x0000000759a00000,0x0000000759a00000,0x000000078cd00000)
 ParOldGen       total 902144K, used 902001K [0x00000005a6000000, 0x00000005dd100000, 0x000000070cb00000)
  object space 902144K, 99% used [0x00000005a6000000,0x00000005dd0dc560,0x00000005dd100000)
 Metaspace       used 167197K, capacity 179362K, committed 180224K, reserved 1206272K
  class space    used 21076K, capacity 23888K, committed 24064K, reserved 1048576K
}
Event: 10095.547 GC heap before
{Heap before GC invocations=46 (full 8):
 PSYoungGen      total 2030592K, used 1688493K [0x000000070cb00000, 0x00000007c0000000, 0x00000007c0000000)
  eden space 1260544K, 100% used [0x000000070cb00000,0x0000000759a00000,0x0000000759a00000)
  from space 770048K, 55% used [0x0000000791000000,0x00000007ab1eb7a8,0x00000007c0000000)
  to   space 838656K, 0% used [0x0000000759a00000,0x0000000759a00000,0x000000078cd00000)
 ParOldGen       total 902144K, used 902001K [0x00000005a6000000, 0x00000005dd100000, 0x000000070cb00000)
  object space 902144K, 99% used [0x00000005a6000000,0x00000005dd0dc560,0x00000005dd100000)
 Metaspace       used 167601K, capacity 179776K, committed 180224K, reserved 1206272K
  class space    used 21116K, capacity 23927K, committed 24064K, reserved 1048576K
Event: 10098.455 GC heap after
Heap after GC invocations=46 (full 8):
 PSYoungGen      total 2030592K, used 246506K [0x000000070cb00000, 0x00000007c0000000, 0x00000007c0000000)
  eden space 1260544K, 0% used [0x000000070cb00000,0x000000070cb00000,0x0000000759a00000)
  from space 770048K, 32% used [0x0000000791000000,0x00000007a00baaf8,0x00000007c0000000)
  to   space 838656K, 0% used [0x0000000759a00000,0x0000000759a00000,0x000000078cd00000)
 ParOldGen       total 902144K, used 902021K [0x00000005a6000000, 0x00000005dd100000, 0x000000070cb00000)
  object space 902144K, 99% used [0x00000005a6000000,0x00000005dd0e1650,0x00000005dd100000)
 Metaspace       used 155905K, capacity 167648K, committed 178176K, reserved 1204224K
  class space    used 19684K, capacity 22399K, committed 24064K, reserved 1048576K
}
Event: 10102.820 GC heap before
{Heap before GC invocations=47 (full 9):
 PSYoungGen      total 2030592K, used 1507050K [0x000000070cb00000, 0x00000007c0000000, 0x00000007c0000000)
  eden space 1260544K, 100% used [0x000000070cb00000,0x0000000759a00000,0x0000000759a00000)
  from space 770048K, 32% used [0x0000000791000000,0x00000007a00baaf8,0x00000007c0000000)
  to   space 838656K, 0% used [0x0000000759a00000,0x0000000759a00000,0x000000078cd00000)
 ParOldGen       total 902144K, used 902021K [0x00000005a6000000, 0x00000005dd100000, 0x000000070cb00000)
  object space 902144K, 99% used [0x00000005a6000000,0x00000005dd0e1650,0x00000005dd100000)
 Metaspace       used 156046K, capacity 167798K, committed 178176K, reserved 1204224K
  class space    used 19685K, capacity 22400K, committed 24064K, reserved 1048576K
Event: 10108.477 GC heap after
Heap after GC invocations=47 (full 9):
 PSYoungGen      total 2030592K, used 250520K [0x000000070cb00000, 0x00000007c0000000, 0x00000007c0000000)
  eden space 1260544K, 19% used [0x000000070cb00000,0x000000071bfa6048,0x0000000759a00000)
  from space 770048K, 0% used [0x0000000791000000,0x0000000791000000,0x00000007c0000000)
  to   space 838656K, 0% used [0x0000000759a00000,0x0000000759a00000,0x000000078cd00000)
 ParOldGen       total 902144K, used 902143K [0x00000005a6000000, 0x00000005dd100000, 0x000000070cb00000)
  object space 902144K, 99% used [0x00000005a6000000,0x00000005dd0ffe20,0x00000005dd100000)
 Metaspace       used 156046K, capacity 167798K, committed 178176K, reserved 1204224K
  class space    used 19685K, capacity 22400K, committed 24064K, reserved 1048576K
}
Event: 10115.555 GC heap before
{Heap before GC invocations=48 (full 10):
 PSYoungGen      total 2030592K, used 1260544K [0x000000070cb00000, 0x00000007c0000000, 0x00000007c0000000)
  eden space 1260544K, 100% used [0x000000070cb00000,0x0000000759a00000,0x0000000759a00000)
  from space 770048K, 0% used [0x0000000791000000,0x0000000791000000,0x00000007c0000000)
  to   space 838656K, 0% used [0x0000000759a00000,0x0000000759a00000,0x000000078cd00000)
 ParOldGen       total 902144K, used 902143K [0x00000005a6000000, 0x00000005dd100000, 0x000000070cb00000)
  object space 902144K, 99% used [0x00000005a6000000,0x00000005dd0ffe20,0x00000005dd100000)
 Metaspace       used 156135K, capacity 167874K, committed 178176K, reserved 1204224K
  class space    used 19689K, capacity 22402K, committed 24064K, reserved 1048576K
Event: 10118.307 GC heap after
Heap after GC invocations=48 (full 10):
 PSYoungGen      total 2030592K, used 231487K [0x000000070cb00000, 0x00000007c0000000, 0x00000007c0000000)
  eden space 1260544K, 18% used [0x000000070cb00000,0x000000071ad0ffd8,0x0000000759a00000)
  from space 770048K, 0% used [0x0000000791000000,0x0000000791000000,0x00000007c0000000)
  to   space 838656K, 0% used [0x0000000759a00000,0x0000000759a00000,0x000000078cd00000)
 ParOldGen       total 902144K, used 901912K [0x00000005a6000000, 0x00000005dd100000, 0x000000070cb00000)
  object space 902144K, 99% used [0x00000005a6000000,0x00000005dd0c60e0,0x00000005dd100000)
 Metaspace       used 156135K, capacity 167874K, committed 178176K, reserved 1204224K
  class space    used 19689K, capacity 22402K, committed 24064K, reserved 1048576K
}
Event: 10121.167 GC heap before
{Heap before GC invocations=49 (full 11):
 PSYoungGen      total 2030592K, used 1260544K [0x000000070cb00000, 0x00000007c0000000, 0x00000007c0000000)
  eden space 1260544K, 100% used [0x000000070cb00000,0x0000000759a00000,0x0000000759a00000)
  from space 770048K, 0% used [0x0000000791000000,0x0000000791000000,0x00000007c0000000)
  to   space 838656K, 0% used [0x0000000759a00000,0x0000000759a00000,0x000000078cd00000)
 ParOldGen       total 902144K, used 901912K [0x00000005a6000000, 0x00000005dd100000, 0x000000070cb00000)
  object space 902144K, 99% used [0x00000005a6000000,0x00000005dd0c60e0,0x00000005dd100000)
 Metaspace       used 156195K, capacity 167942K, committed 178176K, reserved 1204224K
  class space    used 19689K, capacity 22402K, committed 24064K, reserved 1048576K
Event: 10124.179 GC heap after
Heap after GC invocations=49 (full 11):
 PSYoungGen      total 2030592K, used 226773K [0x000000070cb00000, 0x00000007c0000000, 0x00000007c0000000)
  eden space 1260544K, 17% used [0x000000070cb00000,0x000000071a875628,0x0000000759a00000)
  from space 770048K, 0% used [0x0000000791000000,0x0000000791000000,0x00000007c0000000)
  to   space 838656K, 0% used [0x0000000759a00000,0x0000000759a00000,0x000000078cd00000)
 ParOldGen       total 902144K, used 901795K [0x00000005a6000000, 0x00000005dd100000, 0x000000070cb00000)
  object space 902144K, 99% used [0x00000005a6000000,0x00000005dd0a8c00,0x00000005dd100000)
 Metaspace       used 156195K, capacity 167942K, committed 178176K, reserved 1204224K
  class space    used 19689K, capacity 22402K, committed 24064K, reserved 1048576K
}

Deoptimization events (10 events):
Event: 10120.955 Thread 0x00000000297b3800 Uncommon trap: reason=unstable_if action=reinterpret pc=0x0000000003614dfc method=com.android.tools.r8.ir.regalloc.RegisterPositions.hasType(ILcom/android/tools/r8/ir/regalloc/RegisterPositions$Type;)Z @ 57
Event: 10120.955 Thread 0x00000000297b3800 Uncommon trap: reason=unstable_if action=reinterpret pc=0x000000000675639c method=com.android.tools.r8.ir.regalloc.RegisterPositions.hasType(ILcom/android/tools/r8/ir/regalloc/RegisterPositions$Type;)Z @ 57
Event: 10121.000 Thread 0x00000000297b3800 Uncommon trap: reason=class_check action=maybe_recompile pc=0x00000000065da404 method=com.android.tools.r8.ir.optimize.CodeRewriter.rewriteSwitch(Lcom/android/tools/r8/ir/code/IRCode;)V @ 564
Event: 10121.153 Thread 0x00000000297b4800 Uncommon trap: reason=class_check action=maybe_recompile pc=0x00000000086a4d24 method=com.android.tools.r8.ir.optimize.CodeRewriter.allowNewFilledArrayConstruction(Lcom/android/tools/r8/ir/code/Instruction;)Z @ 18
Event: 10124.249 Thread 0x00000000297b9000 Uncommon trap: reason=class_check action=maybe_recompile pc=0x00000000086a4d24 method=com.android.tools.r8.ir.optimize.CodeRewriter.allowNewFilledArrayConstruction(Lcom/android/tools/r8/ir/code/Instruction;)Z @ 18
Event: 10124.396 Thread 0x00000000297b3800 Uncommon trap: reason=class_check action=maybe_recompile pc=0x00000000086a4d24 method=com.android.tools.r8.ir.optimize.CodeRewriter.allowNewFilledArrayConstruction(Lcom/android/tools/r8/ir/code/Instruction;)Z @ 18
Event: 10124.876 Thread 0x00000000297b9000 Uncommon trap: reason=bimorphic action=maybe_recompile pc=0x0000000006a9d508 method=com.android.tools.r8.ir.code.Value.isConstNumber()Z @ 11
Event: 10124.876 Thread 0x00000000297b9000 Uncommon trap: reason=bimorphic action=maybe_recompile pc=0x0000000005703dd4 method=com.android.tools.r8.ir.code.Value.isConstNumber()Z @ 11
Event: 10124.877 Thread 0x00000000297b9000 Uncommon trap: reason=class_check action=maybe_recompile pc=0x0000000007719470 method=com.android.tools.r8.ir.optimize.PeepholeOptimizer.removeRedundantInstructions(Lcom/android/tools/r8/ir/code/IRCode;Lcom/android/tools/r8/ir/regalloc/LinearScanRegisterA
Event: 10124.877 Thread 0x00000000297b9000 Uncommon trap: reason=class_check action=maybe_recompile pc=0x0000000007719470 method=com.android.tools.r8.ir.optimize.PeepholeOptimizer.removeRedundantInstructions(Lcom/android/tools/r8/ir/code/IRCode;Lcom/android/tools/r8/ir/regalloc/LinearScanRegisterA

Internal exceptions (10 events):
Event: 10124.479 Thread 0x00000000297ab800 Exception <a 'sun/nio/fs/WindowsException'> (0x000000071c3cbd18) thrown at [C:\re\workspace\8-2-build-windows-amd64-cygwin\jdk8u131\8869\hotspot\src\share\vm\prims\jni.cpp, line 709]
Event: 10124.481 Thread 0x00000000297ab800 Exception <a 'sun/nio/fs/WindowsException'> (0x000000071c3d1058) thrown at [C:\re\workspace\8-2-build-windows-amd64-cygwin\jdk8u131\8869\hotspot\src\share\vm\prims\jni.cpp, line 709]
Event: 10124.483 Thread 0x00000000297ab800 Exception <a 'sun/nio/fs/WindowsException'> (0x0000000720e6bc60) thrown at [C:\re\workspace\8-2-build-windows-amd64-cygwin\jdk8u131\8869\hotspot\src\share\vm\prims\jni.cpp, line 709]
Event: 10124.496 Thread 0x00000000297ab800 Exception <a 'sun/nio/fs/WindowsException'> (0x0000000720eb1700) thrown at [C:\re\workspace\8-2-build-windows-amd64-cygwin\jdk8u131\8869\hotspot\src\share\vm\prims\jni.cpp, line 709]
Event: 10124.499 Thread 0x00000000297ab800 Exception <a 'sun/nio/fs/WindowsException'> (0x0000000720ef7190) thrown at [C:\re\workspace\8-2-build-windows-amd64-cygwin\jdk8u131\8869\hotspot\src\share\vm\prims\jni.cpp, line 709]
Event: 10124.500 Thread 0x00000000297ab800 Exception <a 'sun/nio/fs/WindowsException'> (0x0000000720f3df00) thrown at [C:\re\workspace\8-2-build-windows-amd64-cygwin\jdk8u131\8869\hotspot\src\share\vm\prims\jni.cpp, line 709]
Event: 10124.640 Thread 0x00000000297ab800 Exception <a 'sun/nio/fs/WindowsException'> (0x0000000720f85a08) thrown at [C:\re\workspace\8-2-build-windows-amd64-cygwin\jdk8u131\8869\hotspot\src\share\vm\prims\jni.cpp, line 709]
Event: 10124.828 Thread 0x00000000297ab800 Exception <a 'sun/nio/fs/WindowsException'> (0x0000000720fcbfa0) thrown at [C:\re\workspace\8-2-build-windows-amd64-cygwin\jdk8u131\8869\hotspot\src\share\vm\prims\jni.cpp, line 709]
Event: 10124.947 Thread 0x00000000297ab800 Exception <a 'sun/nio/fs/WindowsException'> (0x0000000721012228) thrown at [C:\re\workspace\8-2-build-windows-amd64-cygwin\jdk8u131\8869\hotspot\src\share\vm\prims\jni.cpp, line 709]
Event: 10124.950 Thread 0x00000000297ab800 Exception <a 'sun/nio/fs/WindowsException'> (0x000000072105eb18) thrown at [C:\re\workspace\8-2-build-windows-amd64-cygwin\jdk8u131\8869\hotspot\src\share\vm\prims\jni.cpp, line 709]

Events (10 events):
Event: 10125.314 Thread 0x00000000297b3800 DEOPT UNPACKING pc=0x000000000274787f sp=0x0000000038b5e148 mode 0
Event: 10125.327 Thread 0x0000000026306000 flushing nmethod 0x0000000003003410
Event: 10125.330 Thread 0x0000000026306000 flushing nmethod 0x00000000035efe10
Event: 10125.345 Thread 0x0000000026306000 flushing nmethod 0x0000000003fc9610
Event: 10125.348 Thread 0x00000000297b4800 DEOPT PACKING pc=0x000000000b485c37 sp=0x000000003d1ae410
Event: 10125.348 Thread 0x00000000297b4800 DEOPT UNPACKING pc=0x000000000274787f sp=0x000000003d1ae0e0 mode 0
Event: 10125.348 Thread 0x00000000297b4800 DEOPT PACKING pc=0x0000000007c4701a sp=0x000000003d1ae690
Event: 10125.348 Thread 0x00000000297b4800 DEOPT UNPACKING pc=0x000000000274787f sp=0x000000003d1ae4c0 mode 0
Event: 10125.560 Thread 0x0000000026306000 flushing nmethod 0x0000000004533750
Event: 10125.575 Thread 0x0000000026306000 flushing nmethod 0x0000000005b65e10


Dynamic libraries:
0x00007ff6d1e10000 - 0x00007ff6d1e47000 	C:\Program Files\Java\jdk1.8.0_131\bin\java.exe
0x00007ffe6aa10000 - 0x00007ffe6abd2000 	C:\WINDOWS\SYSTEM32\ntdll.dll
0x00007ffe6a960000 - 0x00007ffe6aa0d000 	C:\WINDOWS\system32\KERNEL32.DLL
0x00007ffe67ef0000 - 0x00007ffe680cd000 	C:\WINDOWS\system32\KERNELBASE.dll
0x00007ffe6a850000 - 0x00007ffe6a8f6000 	C:\WINDOWS\system32\ADVAPI32.dll
0x00007ffe68b30000 - 0x00007ffe68bcd000 	C:\WINDOWS\system32\msvcrt.dll
0x00007ffe6a900000 - 0x00007ffe6a95b000 	C:\WINDOWS\system32\sechost.dll
0x00007ffe6a720000 - 0x00007ffe6a846000 	C:\WINDOWS\system32\RPCRT4.dll
0x00007ffe68350000 - 0x00007ffe6849e000 	C:\WINDOWS\system32\USER32.dll
0x00007ffe6a1a0000 - 0x00007ffe6a323000 	C:\WINDOWS\system32\GDI32.dll
0x00007ffe63600000 - 0x00007ffe63874000 	C:\WINDOWS\WinSxS\amd64_microsoft.windows.common-controls_6595b64144ccf1df_6.0.10240.17184_none_f41d7a705752bce6\COMCTL32.dll
0x00007ffe68ae0000 - 0x00007ffe68b16000 	C:\WINDOWS\system32\IMM32.DLL
0x00007ffe687d0000 - 0x00007ffe6892c000 	C:\WINDOWS\system32\MSCTF.dll
0x0000000056d10000 - 0x0000000056de2000 	C:\Program Files\Java\jdk1.8.0_131\jre\bin\msvcr100.dll
0x0000000056470000 - 0x0000000056d0c000 	C:\Program Files\Java\jdk1.8.0_131\jre\bin\server\jvm.dll
0x00007ffe681a0000 - 0x00007ffe681a8000 	C:\WINDOWS\system32\PSAPI.DLL
0x00007ffe5f730000 - 0x00007ffe5f73a000 	C:\WINDOWS\SYSTEM32\VERSION.dll
0x00007ffe63bc0000 - 0x00007ffe63be3000 	C:\WINDOWS\SYSTEM32\WINMM.dll
0x00007ffe652a0000 - 0x00007ffe652a9000 	C:\WINDOWS\SYSTEM32\WSOCK32.dll
0x0000000002440000 - 0x000000000246c000 	C:\WINDOWS\SYSTEM32\WINMMBASE.dll
0x00007ffe67580000 - 0x00007ffe675c4000 	C:\WINDOWS\system32\cfgmgr32.dll
0x00007ffe65db0000 - 0x00007ffe65dd7000 	C:\WINDOWS\SYSTEM32\DEVOBJ.dll
0x00007ffe6a6b0000 - 0x00007ffe6a719000 	C:\WINDOWS\system32\WS2_32.dll
0x00007ffe68b20000 - 0x00007ffe68b28000 	C:\WINDOWS\system32\NSI.dll
0x00000000593d0000 - 0x00000000593df000 	C:\Program Files\Java\jdk1.8.0_131\jre\bin\verify.dll
0x0000000056440000 - 0x0000000056469000 	C:\Program Files\Java\jdk1.8.0_131\jre\bin\java.dll
0x0000000056420000 - 0x0000000056436000 	C:\Program Files\Java\jdk1.8.0_131\jre\bin\zip.dll
0x00007ffe68c40000 - 0x00007ffe6a163000 	C:\WINDOWS\system32\SHELL32.dll
0x00007ffe675d0000 - 0x00007ffe67bf9000 	C:\WINDOWS\system32\windows.storage.dll
0x00007ffe68550000 - 0x00007ffe687cc000 	C:\WINDOWS\system32\combase.dll
0x00007ffe682f0000 - 0x00007ffe68341000 	C:\WINDOWS\system32\shlwapi.dll
0x00007ffe674a0000 - 0x00007ffe674af000 	C:\WINDOWS\system32\kernel.appcore.dll
0x00007ffe67e30000 - 0x00007ffe67ee3000 	C:\WINDOWS\system32\shcore.dll
0x00007ffe67450000 - 0x00007ffe6749a000 	C:\WINDOWS\system32\powrprof.dll
0x00007ffe67430000 - 0x00007ffe67443000 	C:\WINDOWS\system32\profapi.dll
0x0000000056400000 - 0x000000005641a000 	C:\Program Files\Java\jdk1.8.0_131\jre\bin\net.dll
0x00007ffe66cb0000 - 0x00007ffe66d0d000 	C:\WINDOWS\system32\mswsock.dll
0x00000000563e0000 - 0x00000000563f1000 	C:\Program Files\Java\jdk1.8.0_131\jre\bin\nio.dll
0x00007ffe60910000 - 0x00007ffe6092e000 	C:\Users\nitin.tyagi\.gradle\native\25\windows-amd64\native-platform.dll
0x00000000563d0000 - 0x00000000563dd000 	C:\Program Files\Java\jdk1.8.0_131\jre\bin\management.dll
0x00007ffe66be0000 - 0x00007ffe66bf7000 	C:\WINDOWS\SYSTEM32\CRYPTSP.dll
0x00007ffe66f70000 - 0x00007ffe66f98000 	C:\WINDOWS\SYSTEM32\bcrypt.dll
0x00007ffe66920000 - 0x00007ffe66953000 	C:\WINDOWS\system32\rsaenh.dll
0x00007ffe66c50000 - 0x00007ffe66c6f000 	C:\WINDOWS\SYSTEM32\USERENV.dll
0x00007ffe67280000 - 0x00007ffe672eb000 	C:\WINDOWS\system32\bcryptprimitives.dll
0x00007ffe66e90000 - 0x00007ffe66e9b000 	C:\WINDOWS\SYSTEM32\CRYPTBASE.dll
0x00007ffe65a00000 - 0x00007ffe65a38000 	C:\WINDOWS\SYSTEM32\IPHLPAPI.DLL
0x00007ffe659e0000 - 0x00007ffe659eb000 	C:\WINDOWS\SYSTEM32\WINNSI.DLL
0x00007ffe65200000 - 0x00007ffe65216000 	C:\WINDOWS\SYSTEM32\dhcpcsvc6.DLL
0x00007ffe651e0000 - 0x00007ffe651fa000 	C:\WINDOWS\SYSTEM32\dhcpcsvc.DLL
0x0000000056370000 - 0x0000000056394000 	C:\Program Files\Java\jdk1.8.0_131\jre\bin\sunec.dll
0x00007ffe669f0000 - 0x00007ffe66a98000 	C:\WINDOWS\SYSTEM32\DNSAPI.dll
0x00007ffe61a40000 - 0x00007ffe61a4a000 	C:\Windows\System32\rasadhlp.dll
0x00007ffe65410000 - 0x00007ffe65478000 	C:\WINDOWS\System32\fwpuclnt.dll
0x00000000563c0000 - 0x00000000563cb000 	C:\Program Files\Java\jdk1.8.0_131\jre\bin\sunmscapi.dll
0x00007ffe67c00000 - 0x00007ffe67dc1000 	C:\WINDOWS\system32\CRYPT32.dll
0x00007ffe674b0000 - 0x00007ffe674c1000 	C:\WINDOWS\system32\MSASN1.dll
0x00007ffe667d0000 - 0x00007ffe66802000 	C:\WINDOWS\SYSTEM32\ntmarta.dll
0x00000000554e0000 - 0x0000000055678000 	C:\Program Files\Java\jdk1.8.0_131\jre\bin\awt.dll
0x00007ffe680d0000 - 0x00007ffe68192000 	C:\WINDOWS\system32\OLEAUT32.dll
0x00007ffe604b0000 - 0x00007ffe60528000 	C:\WINDOWS\system32\apphelp.dll
0x00007ffe5c420000 - 0x00007ffe5c442000 	C:\WINDOWS\system32\DWMAPI.DLL
0x00007ffe65d10000 - 0x00007ffe65da6000 	C:\WINDOWS\system32\uxtheme.dll
0x00000000554b0000 - 0x00000000554da000 	C:\Program Files\Java\jdk1.8.0_131\jre\bin\dcpr.dll

VM Arguments:
jvm_args: -Xmx8608M -Dfile.encoding=windows-1252 -Duser.country=US -Duser.language=en -Duser.variant 
java_command: org.gradle.launcher.daemon.bootstrap.GradleDaemon 4.1
java_class_path (initial): C:\Users\nitin.tyagi\.gradle\wrapper\dists\gradle-4.1-all\bzyivzo6n839fup2jbap0tjew\gradle-4.1\lib\gradle-launcher-4.1.jar
Launcher Type: SUN_STANDARD

Environment Variables:
JAVA_HOME=C:\Program Files\Java\jdk1.8.0_131
PATH=C:\oraclexe\app\oracle\product\10.2.0\server\bin;C:\ProgramData\Oracle\Java\javapath;C:\Program Files (x86)\Intel\iCLS Client\;C:\Program Files\Intel\iCLS Client\;C:\WINDOWS\system32;C:\WINDOWS;C:\WINDOWS\System32\Wbem;C:\WINDOWS\System32\WindowsPowerShell\v1.0\;C:\Program Files\Intel\Intel(R) Management Engine Components\DAL;C:\Program Files (x86)\Intel\Intel(R) Management Engine Components\DAL;C:\Program Files\Intel\Intel(R) Management Engine Components\IPT;C:\Program Files (x86)\Intel\Intel(R) Management Engine Components\IPT;C:\Program Files\TortoiseSVN\bin;C:\Program Files (x86)\Common Files\lenovo\easyplussdk\bin;C:\Android;C:\Windows\System32;C:\Program Files\Git\cmd;C:\Program Files\Java\jdk1.8.0_131;C:\Program Files (x86)\Skype\Phone\
USERNAME=nitin.tyagi
OS=Windows_NT
PROCESSOR_IDENTIFIER=Intel64 Family 6 Model 61 Stepping 4, GenuineIntel



---------------  S Y S T E M  ---------------

OS: Windows 10.0 , 64 bit Build 10240 (10.0.10240.17113)

CPU:total 4 (initial active 4) (2 cores per cpu, 2 threads per core) family 6 model 61 stepping 4, cmov, cx8, fxsr, mmx, sse, sse2, sse3, ssse3, sse4.1, sse4.2, popcnt, avx, avx2, aes, clmul, erms, rtm, 3dnowpref, lzcnt, ht, tsc, tscinvbit, bmi1, bmi2, adx

Memory: 4k page, physical 16658888k(2855460k free), swap 20198928k(4024k free)

vm_info: Java HotSpot(TM) 64-Bit Server VM (25.131-b11) for windows-amd64 JRE (1.8.0_131-b11), built on Mar 15 2017 01:23:53 by "java_re" with MS VC++ 10.0 (VS2010)

time: Wed Feb 21 14:23:06 2018
elapsed time: 10125 seconds (0d 2h 48m 45s)

