#
# There is insufficient memory for the Java Runtime Environment to continue.
# Native memory allocation (malloc) failed to allocate 1069936 bytes for Chunk::new
# Possible reasons:
#   The system is out of physical RAM or swap space
#   In 32 bit mode, the process size limit was hit
# Possible solutions:
#   Reduce memory load on the system
#   Increase physical memory or swap space
#   Check if swap backing store is full
#   Use 64 bit Java on a 64 bit OS
#   Decrease Java heap size (-Xmx/-Xms)
#   Decrease number of Java threads
#   Decrease Java thread stack sizes (-Xss)
#   Set larger code cache with -XX:ReservedCodeCacheSize=
# This output file may be truncated or incomplete.
#
#  Out of Memory Error (allocation.cpp:390), pid=15032, tid=0x0000000000003b38
#
# JRE version: Java(TM) SE Runtime Environment (8.0_131-b11) (build 1.8.0_131-b11)
# Java VM: Java HotSpot(TM) 64-Bit Server VM (25.131-b11 mixed mode windows-amd64 compressed oops)
# Failed to write core dump. Minidumps are not enabled by default on client versions of Windows
#

---------------  T H R E A D  ---------------

Current thread (0x000000002665e000):  JavaThread "C2 CompilerThread0" daemon [_thread_in_native, id=15160, stack(0x0000000027c90000,0x0000000027d90000)]

Stack: [0x0000000027c90000,0x0000000027d90000]
[error occurred during error reporting (printing stack bounds), id 0xc0000005]

Native frames: (J=compiled Java code, j=interpreted, Vv=VM code, C=native code)


Current CompileTask:
C2:22558840 53809       4       sun.security.util.AlgorithmDecomposer::decompose (336 bytes)


---------------  P R O C E S S  ---------------

Java Threads: ( => current thread )
  0x000000002df28000 JavaThread "Task worker for ':' Thread 3" [_thread_blocked, id=12180, stack(0x0000000034660000,0x0000000034760000)]
  0x000000002df29000 JavaThread "Task worker for ':' Thread 2" [_thread_blocked, id=20668, stack(0x0000000033c90000,0x0000000033d90000)]
  0x000000002df20000 JavaThread "Task worker for ':'" [_thread_in_native, id=14428, stack(0x0000000032b30000,0x0000000032c30000)]
  0x000000002df22000 JavaThread "Cache worker for task history cache (D:\project\FTV\AppCms_Android_Phase3\merged_development_branch\android-appcms\.gradle\4.1\taskHistory)" [_thread_blocked, id=3692, stack(0x00000000320a0000,0x00000000321a0000)]
  0x000000002df1f000 JavaThread "Cache worker for file content cache (D:\project\FTV\AppCms_Android_Phase3\merged_development_branch\android-appcms\.gradle\4.1\fileContent)" [_thread_blocked, id=13128, stack(0x00000000317a0000,0x00000000318a0000)]
  0x000000002df25000 JavaThread "build operations Thread 4" [_thread_blocked, id=11772, stack(0x00000000316a0000,0x00000000317a0000)]
  0x000000002df24800 JavaThread "build operations Thread 3" [_thread_blocked, id=18812, stack(0x00000000315a0000,0x00000000316a0000)]
  0x000000003048e800 JavaThread "build operations Thread 2" [_thread_blocked, id=17188, stack(0x00000000314a0000,0x00000000315a0000)]
  0x000000003048c000 JavaThread "build operations" [_thread_blocked, id=16696, stack(0x000000002e3f0000,0x000000002e4f0000)]
  0x0000000030490800 JavaThread "Cache worker for Artifact transforms cache (C:\Users\nitin.tyagi\.gradle\caches\transforms-1)" [_thread_blocked, id=16476, stack(0x000000002c350000,0x000000002c450000)]
  0x000000003048f000 JavaThread "Cache worker for file hash cache (D:\project\FTV\AppCms_Android_Phase3\merged_development_branch\android-appcms\.gradle\4.1\fileHashes)" [_thread_blocked, id=15392, stack(0x000000002ae80000,0x000000002af80000)]
  0x000000003048b800 JavaThread "Stdin handler" [_thread_blocked, id=16136, stack(0x000000002ad80000,0x000000002ae80000)]
  0x000000003048d800 JavaThread "Asynchronous log dispatcher for DefaultDaemonConnection: socket connection from /127.0.0.1:63860 to /127.0.0.1:50537" [_thread_blocked, id=19624, stack(0x000000002ac80000,0x000000002ad80000)]
  0x000000003048d000 JavaThread "Daemon worker Thread 8" [_thread_blocked, id=9628, stack(0x000000002ab80000,0x000000002ac80000)]
  0x0000000030484000 JavaThread "Cancel handler" [_thread_blocked, id=4748, stack(0x000000002a880000,0x000000002a980000)]
  0x0000000030483000 JavaThread "Handler for socket connection from /127.0.0.1:63860 to /127.0.0.1:50537" [_thread_in_native, id=15852, stack(0x000000002a780000,0x000000002a880000)]
  0x000000003048a000 JavaThread "Daemon Thread 8" [_thread_blocked, id=13432, stack(0x0000000000d10000,0x0000000000e10000)]
  0x0000000030488800 JavaThread "java-sdk-http-connection-reaper" daemon [_thread_blocked, id=7432, stack(0x0000000034b60000,0x0000000034c60000)]
  0x0000000029707000 JavaThread "Memory manager" [_thread_blocked, id=13224, stack(0x0000000032630000,0x0000000032730000)]
  0x0000000029707800 JavaThread "File lock request listener" [_thread_in_native, id=18880, stack(0x000000002b280000,0x000000002b380000)]
  0x000000002970c000 JavaThread "Cache worker for file hash cache (C:\Users\nitin.tyagi\.gradle\caches\4.1\fileHashes)" [_thread_blocked, id=4412, stack(0x000000002b180000,0x000000002b280000)]
  0x0000000028717800 JavaThread "Daemon periodic checks" [_thread_blocked, id=15496, stack(0x000000002a680000,0x000000002a780000)]
  0x0000000028a41800 JavaThread "Incoming local TCP Connector on port 63860" [_thread_in_native, id=3280, stack(0x000000002a4a0000,0x000000002a5a0000)]
  0x00000000292f3800 JavaThread "Daemon health stats" [_thread_blocked, id=18504, stack(0x0000000029d60000,0x0000000029e60000)]
  0x0000000027fab000 JavaThread "Service Thread" daemon [_thread_blocked, id=9828, stack(0x0000000028390000,0x0000000028490000)]
  0x0000000026668000 JavaThread "C1 CompilerThread2" daemon [_thread_blocked, id=11288, stack(0x0000000027e90000,0x0000000027f90000)]
  0x0000000026663000 JavaThread "C2 CompilerThread1" daemon [_thread_blocked, id=3000, stack(0x0000000027d90000,0x0000000027e90000)]
=>0x000000002665e000 JavaThread "C2 CompilerThread0" daemon [_thread_in_native, id=15160, stack(0x0000000027c90000,0x0000000027d90000)]
  0x000000002665c000 JavaThread "Attach Listener" daemon [_thread_blocked, id=13356, stack(0x0000000027b90000,0x0000000027c90000)]
  0x000000002665a800 JavaThread "Signal Dispatcher" daemon [_thread_blocked, id=16456, stack(0x0000000027a90000,0x0000000027b90000)]
  0x0000000002a5a000 JavaThread "Finalizer" daemon [_thread_blocked, id=8992, stack(0x00000000278b0000,0x00000000279b0000)]
  0x0000000002a51000 JavaThread "Reference Handler" daemon [_thread_blocked, id=19272, stack(0x00000000277b0000,0x00000000278b0000)]
  0x000000000295d800 JavaThread "main" [_thread_blocked, id=12536, stack(0x0000000002800000,0x0000000002900000)]

Other Threads:
  0x0000000026627000 VMThread [stack: 0x00000000276b0000,0x00000000277b0000] [id=14064]
  0x00000000266be800 WatcherThread [stack: 0x0000000028490000,0x0000000028590000] [id=18032]

VM state:not at safepoint (normal execution)

VM Mutex/Monitor currently owned by a thread: None

Heap:
 PSYoungGen      total 2060800K, used 1015003K [0x000000070cb00000, 0x00000007bd500000, 0x00000007c0000000)
  eden space 1227264K, 79% used [0x000000070cb00000,0x00000007483aaf08,0x0000000757980000)
  from space 833536K, 4% used [0x000000078a700000,0x000000078cd8bfe0,0x00000007bd500000)
  to   space 833024K, 0% used [0x0000000757980000,0x0000000757980000,0x000000078a700000)
 ParOldGen       total 1104384K, used 694230K [0x00000005a6000000, 0x00000005e9680000, 0x000000070cb00000)
  object space 1104384K, 62% used [0x00000005a6000000,0x00000005d05f5898,0x00000005e9680000)
 Metaspace       used 130599K, capacity 140878K, committed 158464K, reserved 1183744K
  class space    used 16521K, capacity 18899K, committed 23296K, reserved 1048576K

Card table byte_map: [0x0000000011e20000,0x0000000012f00000] byte_map_base: 0x000000000f0f0000

Marking Bits: (ParMarkBitMap*) 0x000000005489c720
 Begin Bits: [0x0000000013e40000, 0x000000001c4c0000)
 End Bits:   [0x000000001c4c0000, 0x0000000024b40000)

Polling page: 0x0000000001090000

CodeCache: size=245760Kb used=122397Kb max_used=139626Kb free=123362Kb
 bounds [0x0000000002a60000, 0x000000000b3c0000, 0x0000000011a60000]
 total_blobs=32212 nmethods=31307 adapters=813
 compilation: enabled

Compilation events (10 events):
Event: 22556.630 Thread 0x0000000026663000 53805       4       java.security.KeyStore::getCertificate (26 bytes)
Event: 22556.635 Thread 0x0000000026668000 53807       3       org.apache.http.HttpHost::hashCode (48 bytes)
Event: 22556.636 Thread 0x0000000026668000 nmethod 53807 0x00000000072888d0 code [0x0000000007288aa0, 0x0000000007289148]
Event: 22556.643 Thread 0x0000000026663000 nmethod 53805 0x0000000008e83b50 code [0x0000000008e83ce0, 0x0000000008e84528]
Event: 22556.646 Thread 0x0000000026663000 53806   !   4       org.gradle.api.internal.artifacts.ivyservice.ivyresolve.ErrorHandlingModuleComponentRepository$ErrorHandlingModuleComponentRepositoryAccess::resolveComponentMetaData (34 bytes)
Event: 22556.803 Thread 0x0000000026663000 nmethod 53806 0x000000000917b1d0 code [0x000000000917b860, 0x000000000917f370]
Event: 22556.807 Thread 0x000000002665e000 nmethod 53798 0x0000000009c46b10 code [0x0000000009c47680, 0x0000000009c4fbf0]
Event: 22556.965 Thread 0x0000000026668000 53808   !   3       java.net.IDN::toASCIIInternal (258 bytes)
Event: 22556.966 Thread 0x000000002665e000 53809       4       sun.security.util.AlgorithmDecomposer::decompose (336 bytes)
Event: 22556.968 Thread 0x0000000026668000 nmethod 53808 0x0000000008e70690 code [0x0000000008e70a80, 0x0000000008e73598]

GC Heap History (10 events):
Event: 13205.019 GC heap before
{Heap before GC invocations=56 (full 7):
 PSYoungGen      total 1955840K, used 1307998K [0x000000070cb00000, 0x00000007bcd80000, 0x00000007c0000000)
  eden space 1024000K, 100% used [0x000000070cb00000,0x000000074b300000,0x000000074b300000)
  from space 931840K, 30% used [0x0000000781600000,0x0000000792b57aa8,0x00000007ba400000)
  to   space 887808K, 0% used [0x000000074b300000,0x000000074b300000,0x0000000781600000)
 ParOldGen       total 1394688K, used 1034098K [0x00000005a6000000, 0x00000005fb200000, 0x000000070cb00000)
  object space 1394688K, 74% used [0x00000005a6000000,0x00000005e51dc810,0x00000005fb200000)
 Metaspace       used 163542K, capacity 174476K, committed 174848K, reserved 1200128K
  class space    used 20677K, capacity 23186K, committed 23296K, reserved 1048576K
Event: 13205.615 GC heap after
Heap after GC invocations=56 (full 7):
 PSYoungGen      total 1911808K, used 171108K [0x000000070cb00000, 0x00000007ba900000, 0x00000007c0000000)
  eden space 1024000K, 0% used [0x000000070cb00000,0x000000070cb00000,0x000000074b300000)
  from space 887808K, 19% used [0x000000074b300000,0x0000000755a192e8,0x0000000781600000)
  to   space 865280K, 0% used [0x0000000785c00000,0x0000000785c00000,0x00000007ba900000)
 ParOldGen       total 1394688K, used 1161004K [0x00000005a6000000, 0x00000005fb200000, 0x000000070cb00000)
  object space 1394688K, 83% used [0x00000005a6000000,0x00000005ecdcb2d0,0x00000005fb200000)
 Metaspace       used 163542K, capacity 174476K, committed 174848K, reserved 1200128K
  class space    used 20677K, capacity 23186K, committed 23296K, reserved 1048576K
}
Event: 13206.020 GC heap before
{Heap before GC invocations=57 (full 7):
 PSYoungGen      total 1911808K, used 1194303K [0x000000070cb00000, 0x00000007ba900000, 0x00000007c0000000)
  eden space 1024000K, 99% used [0x000000070cb00000,0x000000074b236cc8,0x000000074b300000)
  from space 887808K, 19% used [0x000000074b300000,0x0000000755a192e8,0x0000000781600000)
  to   space 865280K, 0% used [0x0000000785c00000,0x0000000785c00000,0x00000007ba900000)
 ParOldGen       total 1394688K, used 1161004K [0x00000005a6000000, 0x00000005fb200000, 0x000000070cb00000)
  object space 1394688K, 83% used [0x00000005a6000000,0x00000005ecdcb2d0,0x00000005fb200000)
 Metaspace       used 163543K, capacity 174476K, committed 174848K, reserved 1200128K
  class space    used 20677K, capacity 23186K, committed 23296K, reserved 1048576K
Event: 13206.164 GC heap after
Heap after GC invocations=57 (full 7):
 PSYoungGen      total 1987584K, used 47057K [0x000000070cb00000, 0x00000007be200000, 0x00000007c0000000)
  eden space 1122304K, 0% used [0x000000070cb00000,0x000000070cb00000,0x0000000751300000)
  from space 865280K, 5% used [0x0000000785c00000,0x00000007889f45c0,0x00000007ba900000)
  to   space 861184K, 0% used [0x0000000751300000,0x0000000751300000,0x0000000785c00000)
 ParOldGen       total 1394688K, used 1310139K [0x00000005a6000000, 0x00000005fb200000, 0x000000070cb00000)
  object space 1394688K, 93% used [0x00000005a6000000,0x00000005f5f6ee28,0x00000005fb200000)
 Metaspace       used 163543K, capacity 174476K, committed 174848K, reserved 1200128K
  class space    used 20677K, capacity 23186K, committed 23296K, reserved 1048576K
}
Event: 13206.164 GC heap before
{Heap before GC invocations=58 (full 8):
 PSYoungGen      total 1987584K, used 47057K [0x000000070cb00000, 0x00000007be200000, 0x00000007c0000000)
  eden space 1122304K, 0% used [0x000000070cb00000,0x000000070cb00000,0x0000000751300000)
  from space 865280K, 5% used [0x0000000785c00000,0x00000007889f45c0,0x00000007ba900000)
  to   space 861184K, 0% used [0x0000000751300000,0x0000000751300000,0x0000000785c00000)
 ParOldGen       total 1394688K, used 1310139K [0x00000005a6000000, 0x00000005fb200000, 0x000000070cb00000)
  object space 1394688K, 93% used [0x00000005a6000000,0x00000005f5f6ee28,0x00000005fb200000)
 Metaspace       used 163543K, capacity 174476K, committed 174848K, reserved 1200128K
  class space    used 20677K, capacity 23186K, committed 23296K, reserved 1048576K
Event: 13209.114 GC heap after
Heap after GC invocations=58 (full 8):
 PSYoungGen      total 1987584K, used 0K [0x000000070cb00000, 0x00000007be200000, 0x00000007c0000000)
  eden space 1122304K, 0% used [0x000000070cb00000,0x000000070cb00000,0x0000000751300000)
  from space 865280K, 0% used [0x0000000785c00000,0x0000000785c00000,0x00000007ba900000)
  to   space 861184K, 0% used [0x0000000751300000,0x0000000751300000,0x0000000785c00000)
 ParOldGen       total 1104384K, used 646434K [0x00000005a6000000, 0x00000005e9680000, 0x000000070cb00000)
  object space 1104384K, 58% used [0x00000005a6000000,0x00000005cd748be8,0x00000005e9680000)
 Metaspace       used 129833K, capacity 139748K, committed 158464K, reserved 1183744K
  class space    used 16461K, capacity 18758K, committed 23296K, reserved 1048576K
}
Event: 18917.702 GC heap before
{Heap before GC invocations=59 (full 8):
 PSYoungGen      total 1987584K, used 1122304K [0x000000070cb00000, 0x00000007be200000, 0x00000007c0000000)
  eden space 1122304K, 100% used [0x000000070cb00000,0x0000000751300000,0x0000000751300000)
  from space 865280K, 0% used [0x0000000785c00000,0x0000000785c00000,0x00000007ba900000)
  to   space 861184K, 0% used [0x0000000751300000,0x0000000751300000,0x0000000785c00000)
 ParOldGen       total 1104384K, used 646434K [0x00000005a6000000, 0x00000005e9680000, 0x000000070cb00000)
  object space 1104384K, 58% used [0x00000005a6000000,0x00000005cd748be8,0x00000005e9680000)
 Metaspace       used 130090K, capacity 140134K, committed 158464K, reserved 1183744K
  class space    used 16480K, capacity 18809K, committed 23296K, reserved 1048576K
Event: 18918.262 GC heap after
Heap after GC invocations=59 (full 8):
 PSYoungGen      total 1983488K, used 53904K [0x000000070cb00000, 0x00000007be400000, 0x00000007c0000000)
  eden space 1122304K, 0% used [0x000000070cb00000,0x000000070cb00000,0x0000000751300000)
  from space 861184K, 6% used [0x0000000751300000,0x00000007547a4278,0x0000000785c00000)
  to   space 848896K, 0% used [0x000000078a700000,0x000000078a700000,0x00000007be400000)
 ParOldGen       total 1104384K, used 646442K [0x00000005a6000000, 0x00000005e9680000, 0x000000070cb00000)
  object space 1104384K, 58% used [0x00000005a6000000,0x00000005cd74abe8,0x00000005e9680000)
 Metaspace       used 130090K, capacity 140134K, committed 158464K, reserved 1183744K
  class space    used 16480K, capacity 18809K, committed 23296K, reserved 1048576K
}
Event: 18937.504 GC heap before
{Heap before GC invocations=60 (full 8):
 PSYoungGen      total 1983488K, used 1173864K [0x000000070cb00000, 0x00000007be400000, 0x00000007c0000000)
  eden space 1122304K, 99% used [0x000000070cb00000,0x00000007510b5e00,0x0000000751300000)
  from space 861184K, 6% used [0x0000000751300000,0x00000007547a4278,0x0000000785c00000)
  to   space 848896K, 0% used [0x000000078a700000,0x000000078a700000,0x00000007be400000)
 ParOldGen       total 1104384K, used 646442K [0x00000005a6000000, 0x00000005e9680000, 0x000000070cb00000)
  object space 1104384K, 58% used [0x00000005a6000000,0x00000005cd74abe8,0x00000005e9680000)
 Metaspace       used 130218K, capacity 140296K, committed 158464K, reserved 1183744K
  class space    used 16483K, capacity 18814K, committed 23296K, reserved 1048576K
Event: 18937.822 GC heap after
Heap after GC invocations=60 (full 8):
 PSYoungGen      total 2060800K, used 39471K [0x000000070cb00000, 0x00000007bd500000, 0x00000007c0000000)
  eden space 1227264K, 0% used [0x000000070cb00000,0x000000070cb00000,0x0000000757980000)
  from space 833536K, 4% used [0x000000078a700000,0x000000078cd8bfe0,0x00000007bd500000)
  to   space 833024K, 0% used [0x0000000757980000,0x0000000757980000,0x000000078a700000)
 ParOldGen       total 1104384K, used 694230K [0x00000005a6000000, 0x00000005e9680000, 0x000000070cb00000)
  object space 1104384K, 62% used [0x00000005a6000000,0x00000005d05f5898,0x00000005e9680000)
 Metaspace       used 130218K, capacity 140296K, committed 158464K, reserved 1183744K
  class space    used 16483K, capacity 18814K, committed 23296K, reserved 1048576K
}

Deoptimization events (10 events):
Event: 18922.157 Thread 0x0000000030487800 Uncommon trap: reason=class_check action=maybe_recompile pc=0x00000000094e8dbc method=com.sun.org.apache.xerces.internal.dom.DeepNodeListImpl.nextMatchingElementAfter(Lorg/w3c/dom/Node;)Lorg/w3c/dom/Node; @ 14
Event: 18922.280 Thread 0x0000000030487800 Uncommon trap: reason=unstable_if action=reinterpret pc=0x00000000063dce4c method=java.util.TreeMap$NavigableSubMap.absHighest()Ljava/util/TreeMap$Entry; @ 4
Event: 18922.280 Thread 0x0000000030487800 Uncommon trap: reason=class_check action=maybe_recompile pc=0x00000000094e8dbc method=com.sun.org.apache.xerces.internal.dom.DeepNodeListImpl.nextMatchingElementAfter(Lorg/w3c/dom/Node;)Lorg/w3c/dom/Node; @ 14
Event: 18922.343 Thread 0x0000000030487800 Uncommon trap: reason=class_check action=maybe_recompile pc=0x0000000003a0a918 method=com.google.common.collect.AbstractMapEntry.hashCode()I @ 19
Event: 18922.343 Thread 0x0000000030487800 Uncommon trap: reason=class_check action=maybe_recompile pc=0x0000000003a0a918 method=com.google.common.collect.AbstractMapEntry.hashCode()I @ 19
Event: 18922.343 Thread 0x0000000030487800 Uncommon trap: reason=class_check action=maybe_recompile pc=0x0000000003a0a918 method=com.google.common.collect.AbstractMapEntry.hashCode()I @ 19
Event: 18922.343 Thread 0x0000000030487800 Uncommon trap: reason=class_check action=maybe_recompile pc=0x0000000003a0a918 method=com.google.common.collect.AbstractMapEntry.hashCode()I @ 19
Event: 18929.097 Thread 0x000000002df22000 Uncommon trap: reason=unstable_if action=reinterpret pc=0x00000000035184ec method=java.util.concurrent.locks.LockSupport.unpark(Ljava/lang/Thread;)V @ 1
Event: 18931.919 Thread 0x0000000030484000 Uncommon trap: reason=null_check action=make_not_entrant pc=0x000000000a0c0888 method=com.android.apkzlib.zip.ZFile.get(Ljava/lang/String;)Lcom/android/apkzlib/zip/StoredEntry; @ 61
Event: 18934.020 Thread 0x0000000030484000 Uncommon trap: reason=unstable_if action=reinterpret pc=0x0000000007ac0a20 method=com.android.apkzlib.zip.ZFile.get(Ljava/lang/String;)Lcom/android/apkzlib/zip/StoredEntry; @ 19

Internal exceptions (10 events):
Event: 22549.589 Thread 0x000000003048d000 Exception <a 'sun/nio/fs/WindowsException'> (0x000000073cbf1510) thrown at [C:\re\workspace\8-2-build-windows-amd64-cygwin\jdk8u131\8869\hotspot\src\share\vm\prims\jni.cpp, line 709]
Event: 22549.589 Thread 0x000000003048d000 Exception <a 'sun/nio/fs/WindowsException'> (0x000000073cbf2610) thrown at [C:\re\workspace\8-2-build-windows-amd64-cygwin\jdk8u131\8869\hotspot\src\share\vm\prims\jni.cpp, line 709]
Event: 22549.612 Thread 0x000000003048d000 Exception <a 'sun/nio/fs/WindowsException'> (0x000000073ccf5c38) thrown at [C:\re\workspace\8-2-build-windows-amd64-cygwin\jdk8u131\8869\hotspot\src\share\vm\prims\jni.cpp, line 709]
Event: 22549.612 Thread 0x000000003048d000 Exception <a 'sun/nio/fs/WindowsException'> (0x000000073ccf6d50) thrown at [C:\re\workspace\8-2-build-windows-amd64-cygwin\jdk8u131\8869\hotspot\src\share\vm\prims\jni.cpp, line 709]
Event: 22549.612 Thread 0x000000003048d000 Exception <a 'sun/nio/fs/WindowsException'> (0x000000073ccf8b98) thrown at [C:\re\workspace\8-2-build-windows-amd64-cygwin\jdk8u131\8869\hotspot\src\share\vm\prims\jni.cpp, line 709]
Event: 22549.612 Thread 0x000000003048d000 Exception <a 'sun/nio/fs/WindowsException'> (0x000000073ccf9c98) thrown at [C:\re\workspace\8-2-build-windows-amd64-cygwin\jdk8u131\8869\hotspot\src\share\vm\prims\jni.cpp, line 709]
Event: 22549.613 Thread 0x000000003048d000 Exception <a 'sun/nio/fs/WindowsException'> (0x000000073cd01968) thrown at [C:\re\workspace\8-2-build-windows-amd64-cygwin\jdk8u131\8869\hotspot\src\share\vm\prims\jni.cpp, line 709]
Event: 22549.613 Thread 0x000000003048d000 Exception <a 'sun/nio/fs/WindowsException'> (0x000000073cd02a80) thrown at [C:\re\workspace\8-2-build-windows-amd64-cygwin\jdk8u131\8869\hotspot\src\share\vm\prims\jni.cpp, line 709]
Event: 22549.614 Thread 0x000000003048d000 Exception <a 'sun/nio/fs/WindowsException'> (0x000000073cd048c8) thrown at [C:\re\workspace\8-2-build-windows-amd64-cygwin\jdk8u131\8869\hotspot\src\share\vm\prims\jni.cpp, line 709]
Event: 22549.614 Thread 0x000000003048d000 Exception <a 'sun/nio/fs/WindowsException'> (0x000000073cd059c8) thrown at [C:\re\workspace\8-2-build-windows-amd64-cygwin\jdk8u131\8869\hotspot\src\share\vm\prims\jni.cpp, line 709]

Events (10 events):
Event: 22555.840 Executing VM operation: RevokeBias
Event: 22555.840 Executing VM operation: RevokeBias done
Event: 22555.840 Executing VM operation: BulkRevokeBias
Event: 22555.841 Executing VM operation: BulkRevokeBias done
Event: 22555.914 Executing VM operation: RevokeBias
Event: 22555.914 Executing VM operation: RevokeBias done
Event: 22555.914 Executing VM operation: RevokeBias
Event: 22555.914 Executing VM operation: RevokeBias done
Event: 22556.627 Thread 0x0000000026668000 flushing nmethod 0x0000000004c488d0
Event: 22556.968 Thread 0x0000000026668000 flushing nmethod 0x0000000006c9c390


Dynamic libraries:
0x00007ff7f4fb0000 - 0x00007ff7f4fe7000 	C:\Program Files\Java\jdk1.8.0_131\bin\java.exe
0x00007ffe50c00000 - 0x00007ffe50dc2000 	C:\WINDOWS\SYSTEM32\ntdll.dll
0x00007ffe509d0000 - 0x00007ffe50a7d000 	C:\WINDOWS\system32\KERNEL32.DLL
0x00007ffe4e020000 - 0x00007ffe4e1fd000 	C:\WINDOWS\system32\KERNELBASE.dll
0x00007ffe4e6d0000 - 0x00007ffe4e776000 	C:\WINDOWS\system32\ADVAPI32.dll
0x00007ffe50b60000 - 0x00007ffe50bfd000 	C:\WINDOWS\system32\msvcrt.dll
0x00007ffe50540000 - 0x00007ffe5059b000 	C:\WINDOWS\system32\sechost.dll
0x00007ffe4e5a0000 - 0x00007ffe4e6c6000 	C:\WINDOWS\system32\RPCRT4.dll
0x00007ffe50240000 - 0x00007ffe5038e000 	C:\WINDOWS\system32\USER32.dll
0x00007ffe50840000 - 0x00007ffe509c3000 	C:\WINDOWS\system32\GDI32.dll
0x00007ffe49800000 - 0x00007ffe49a74000 	C:\WINDOWS\WinSxS\amd64_microsoft.windows.common-controls_6595b64144ccf1df_6.0.10240.17184_none_f41d7a705752bce6\COMCTL32.dll
0x00007ffe4e560000 - 0x00007ffe4e596000 	C:\WINDOWS\system32\IMM32.DLL
0x00007ffe50070000 - 0x00007ffe501cc000 	C:\WINDOWS\system32\MSCTF.dll
0x0000000054920000 - 0x00000000549f2000 	C:\Program Files\Java\jdk1.8.0_131\jre\bin\msvcr100.dll
0x0000000054080000 - 0x000000005491c000 	C:\Program Files\Java\jdk1.8.0_131\jre\bin\server\jvm.dll
0x00007ffe4e3a0000 - 0x00007ffe4e3a8000 	C:\WINDOWS\system32\PSAPI.DLL
0x00007ffe4b160000 - 0x00007ffe4b169000 	C:\WINDOWS\SYSTEM32\WSOCK32.dll
0x00007ffe49d30000 - 0x00007ffe49d53000 	C:\WINDOWS\SYSTEM32\WINMM.dll
0x00007ffe426b0000 - 0x00007ffe426ba000 	C:\WINDOWS\SYSTEM32\VERSION.dll
0x00007ffe49d00000 - 0x00007ffe49d2c000 	C:\WINDOWS\SYSTEM32\WINMMBASE.dll
0x00007ffe4dd50000 - 0x00007ffe4dd94000 	C:\WINDOWS\system32\cfgmgr32.dll
0x00007ffe4d350000 - 0x00007ffe4d377000 	C:\WINDOWS\SYSTEM32\DEVOBJ.dll
0x00007ffe4ffe0000 - 0x00007ffe50049000 	C:\WINDOWS\system32\WS2_32.dll
0x00007ffe4e390000 - 0x00007ffe4e398000 	C:\WINDOWS\system32\NSI.dll
0x00000000556f0000 - 0x00000000556ff000 	C:\Program Files\Java\jdk1.8.0_131\jre\bin\verify.dll
0x0000000054d80000 - 0x0000000054da9000 	C:\Program Files\Java\jdk1.8.0_131\jre\bin\java.dll
0x0000000054d60000 - 0x0000000054d76000 	C:\Program Files\Java\jdk1.8.0_131\jre\bin\zip.dll
0x00007ffe4eab0000 - 0x00007ffe4ffd3000 	C:\WINDOWS\system32\SHELL32.dll
0x00007ffe4d720000 - 0x00007ffe4dd49000 	C:\WINDOWS\system32\windows.storage.dll
0x00007ffe4e780000 - 0x00007ffe4e9fc000 	C:\WINDOWS\system32\combase.dll
0x00007ffe4e2c0000 - 0x00007ffe4e311000 	C:\WINDOWS\system32\shlwapi.dll
0x00007ffe4d6b0000 - 0x00007ffe4d6bf000 	C:\WINDOWS\system32\kernel.appcore.dll
0x00007ffe4e200000 - 0x00007ffe4e2b3000 	C:\WINDOWS\system32\shcore.dll
0x00007ffe4d640000 - 0x00007ffe4d68a000 	C:\WINDOWS\system32\powrprof.dll
0x00007ffe4d620000 - 0x00007ffe4d633000 	C:\WINDOWS\system32\profapi.dll
0x0000000054d40000 - 0x0000000054d5a000 	C:\Program Files\Java\jdk1.8.0_131\jre\bin\net.dll
0x00007ffe4cb80000 - 0x00007ffe4cbdd000 	C:\WINDOWS\system32\mswsock.dll
0x0000000054d20000 - 0x0000000054d31000 	C:\Program Files\Java\jdk1.8.0_131\jre\bin\nio.dll
0x00007ffe3f5e0000 - 0x00007ffe3f5fe000 	C:\Users\nitin.tyagi\.gradle\native\25\windows-amd64\native-platform.dll
0x00000000556e0000 - 0x00000000556ed000 	C:\Program Files\Java\jdk1.8.0_131\jre\bin\management.dll
0x00007ffe4cbe0000 - 0x00007ffe4cbf7000 	C:\WINDOWS\SYSTEM32\CRYPTSP.dll
0x00007ffe4d320000 - 0x00007ffe4d348000 	C:\WINDOWS\SYSTEM32\bcrypt.dll
0x00007ffe4c830000 - 0x00007ffe4c863000 	C:\WINDOWS\system32\rsaenh.dll
0x00007ffe4c920000 - 0x00007ffe4c93f000 	C:\WINDOWS\SYSTEM32\USERENV.dll
0x00007ffe4d470000 - 0x00007ffe4d4db000 	C:\WINDOWS\system32\bcryptprimitives.dll
0x00007ffe4cd30000 - 0x00007ffe4cd3b000 	C:\WINDOWS\SYSTEM32\CRYPTBASE.dll
0x00007ffe4b9c0000 - 0x00007ffe4b9f8000 	C:\WINDOWS\SYSTEM32\IPHLPAPI.DLL
0x00007ffe4b980000 - 0x00007ffe4b98b000 	C:\WINDOWS\SYSTEM32\WINNSI.DLL
0x00007ffe4b310000 - 0x00007ffe4b326000 	C:\WINDOWS\SYSTEM32\dhcpcsvc6.DLL
0x00007ffe4b2c0000 - 0x00007ffe4b2da000 	C:\WINDOWS\SYSTEM32\dhcpcsvc.DLL
0x0000000054050000 - 0x0000000054074000 	C:\Program Files\Java\jdk1.8.0_131\jre\bin\sunec.dll
0x00007ffe4c980000 - 0x00007ffe4ca28000 	C:\WINDOWS\SYSTEM32\DNSAPI.dll
0x00007ffe45840000 - 0x00007ffe4584a000 	C:\Windows\System32\rasadhlp.dll
0x00007ffe4b510000 - 0x00007ffe4b578000 	C:\WINDOWS\System32\fwpuclnt.dll
0x0000000054d10000 - 0x0000000054d1b000 	C:\Program Files\Java\jdk1.8.0_131\jre\bin\sunmscapi.dll
0x00007ffe4dda0000 - 0x00007ffe4df61000 	C:\WINDOWS\system32\CRYPT32.dll
0x00007ffe4d690000 - 0x00007ffe4d6a1000 	C:\WINDOWS\system32\MSASN1.dll
0x00007ffe4c6b0000 - 0x00007ffe4c6e2000 	C:\WINDOWS\SYSTEM32\ntmarta.dll

VM Arguments:
jvm_args: -Xmx8608M -Dfile.encoding=windows-1252 -Duser.country=US -Duser.language=en -Duser.variant 
java_command: org.gradle.launcher.daemon.bootstrap.GradleDaemon 4.1
java_class_path (initial): C:\Users\nitin.tyagi\.gradle\wrapper\dists\gradle-4.1-all\bzyivzo6n839fup2jbap0tjew\gradle-4.1\lib\gradle-launcher-4.1.jar
Launcher Type: SUN_STANDARD

Environment Variables:
JAVA_HOME=C:\Program Files\Java\jdk1.8.0_131
PATH=C:\oraclexe\app\oracle\product\10.2.0\server\bin;C:\ProgramData\Oracle\Java\javapath;C:\Program Files (x86)\Intel\iCLS Client\;C:\Program Files\Intel\iCLS Client\;C:\WINDOWS\system32;C:\WINDOWS;C:\WINDOWS\System32\Wbem;C:\WINDOWS\System32\WindowsPowerShell\v1.0\;C:\Program Files\Intel\Intel(R) Management Engine Components\DAL;C:\Program Files (x86)\Intel\Intel(R) Management Engine Components\DAL;C:\Program Files\Intel\Intel(R) Management Engine Components\IPT;C:\Program Files (x86)\Intel\Intel(R) Management Engine Components\IPT;C:\Program Files\TortoiseSVN\bin;C:\Program Files (x86)\Common Files\lenovo\easyplussdk\bin;C:\Android;C:\Windows\System32;C:\Program Files\Git\cmd;C:\Program Files\Java\jdk1.8.0_131;C:\Program Files (x86)\Skype\Phone\
USERNAME=nitin.tyagi
OS=Windows_NT
PROCESSOR_IDENTIFIER=Intel64 Family 6 Model 61 Stepping 4, GenuineIntel



---------------  S Y S T E M  ---------------

OS: Windows 10.0 , 64 bit Build 10240 (10.0.10240.17113)

CPU:total 4 (initial active 4) (2 cores per cpu, 2 threads per core) family 6 model 61 stepping 4, cmov, cx8, fxsr, mmx, sse, sse2, sse3, ssse3, sse4.1, sse4.2, popcnt, avx, avx2, aes, clmul, erms, rtm, 3dnowpref, lzcnt, ht, tsc, tscinvbit, bmi1, bmi2, adx

Memory: 4k page, physical 16658888k(3633760k free), swap 20319388k(4512k free)

vm_info: Java HotSpot(TM) 64-Bit Server VM (25.131-b11) for windows-amd64 JRE (1.8.0_131-b11), built on Mar 15 2017 01:23:53 by "java_re" with MS VC++ 10.0 (VS2010)

time: Fri Jan 19 19:50:50 2018
elapsed time: 22557 seconds (0d 6h 15m 57s)

