#
# There is insufficient memory for the Java Runtime Environment to continue.
# Native memory allocation (malloc) failed to allocate 1048576 bytes for AllocateHeap
# Possible reasons:
#   The system is out of physical RAM or swap space
#   In 32 bit mode, the process size limit was hit
# Possible solutions:
#   Reduce memory load on the system
#   Increase physical memory or swap space
#   Check if swap backing store is full
#   Use 64 bit Java on a 64 bit OS
#   Decrease Java heap size (-Xmx/-Xms)
#   Decrease number of Java threads
#   Decrease Java thread stack sizes (-Xss)
#   Set larger code cache with -XX:ReservedCodeCacheSize=
# This output file may be truncated or incomplete.
#
#  Out of Memory Error (memory/allocation.inline.hpp:61), pid=17808, tid=0x000000000000271c
#
# JRE version:  (8.0_152-b01) (build )
# Java VM: OpenJDK 64-Bit Server VM (25.152-b01 mixed mode windows-amd64 compressed oops)
# Failed to write core dump. Minidumps are not enabled by default on client versions of Windows
#

---------------  T H R E A D  ---------------

Current thread (0x00000000021ae000):  JavaThread "Unknown thread" [_thread_in_vm, id=10012, stack(0x00000000021b0000,0x00000000022b0000)]

Stack: [0x00000000021b0000,0x00000000022b0000]
[error occurred during error reporting (printing stack bounds), id 0xc0000005]

Native frames: (J=compiled Java code, j=interpreted, Vv=VM code, C=native code)


---------------  P R O C E S S  ---------------

Java Threads: ( => current thread )

Other Threads:

=>0x00000000021ae000 (exited) JavaThread "Unknown thread" [_thread_in_vm, id=10012, stack(0x00000000021b0000,0x00000000022b0000)]

VM state:not at safepoint (normal execution)

VM Mutex/Monitor currently owned by a thread: None

Heap:
 PSYoungGen      total 18944K, used 327K [0x00000000feb00000, 0x0000000100000000, 0x0000000100000000)
  eden space 16384K, 2% used [0x00000000feb00000,0x00000000feb51ec8,0x00000000ffb00000)
  from space 2560K, 0% used [0x00000000ffd80000,0x00000000ffd80000,0x0000000100000000)
  to   space 2560K, 0% used [0x00000000ffb00000,0x00000000ffb00000,0x00000000ffd80000)
 ParOldGen       total 44032K, used 0K [0x00000000fc000000, 0x00000000feb00000, 0x00000000feb00000)
  object space 44032K, 0% used [0x00000000fc000000,0x00000000fc000000,0x00000000feb00000)
 Metaspace       used 772K, capacity 4480K, committed 4480K, reserved 1056768K
  class space    used 73K, capacity 384K, committed 384K, reserved 1048576K

Card table byte_map: [0x0000000000780000,0x00000000007b0000] byte_map_base: 0xfffffffffffa0000

Marking Bits: (ParMarkBitMap*) 0x0000000065e84970
 Begin Bits: [0x0000000011b70000, 0x0000000011c70000)
 End Bits:   [0x0000000011c70000, 0x0000000011d70000)

Polling page: 0x0000000000470000

CodeCache: size=245760Kb used=328Kb max_used=328Kb free=245431Kb
 bounds [0x00000000023b0000, 0x0000000002620000, 0x00000000113b0000]
 total_blobs=57 nmethods=0 adapters=38
 compilation: enabled

Compilation events (0 events):
No events

GC Heap History (0 events):
No events

Deoptimization events (0 events):
No events

Classes redefined (0 events):
No events

Internal exceptions (0 events):
No events

Events (10 events):
Event: 0.029 loading class java/lang/Short
Event: 0.029 loading class java/lang/Short done
Event: 0.029 loading class java/lang/Integer
Event: 0.029 loading class java/lang/Integer done
Event: 0.029 loading class java/lang/Long
Event: 0.029 loading class java/lang/Long done
Event: 0.030 loading class java/lang/NullPointerException
Event: 0.030 loading class java/lang/NullPointerException done
Event: 0.030 loading class java/lang/ArithmeticException
Event: 0.030 loading class java/lang/ArithmeticException done


Dynamic libraries:
0x00007ff7f49c0000 - 0x00007ff7f49f1000 	C:\Users\karan.kaushik\Downloads\android-studio-ide-171.4415322-windows\android-studio\jre\bin\java.exe
0x00007ff808830000 - 0x00007ff8089f1000 	C:\Windows\SYSTEM32\ntdll.dll
0x00007ff8061c0000 - 0x00007ff80626d000 	C:\Windows\system32\KERNEL32.DLL
0x00007ff804f00000 - 0x00007ff8050e8000 	C:\Windows\system32\KERNELBASE.dll
0x00007ff807b40000 - 0x00007ff807be7000 	C:\Windows\system32\ADVAPI32.dll
0x00007ff808370000 - 0x00007ff80840d000 	C:\Windows\system32\msvcrt.dll
0x00007ff807c50000 - 0x00007ff807cab000 	C:\Windows\system32\sechost.dll
0x00007ff8081e0000 - 0x00007ff8082fc000 	C:\Windows\system32\RPCRT4.dll
0x00007ff807e00000 - 0x00007ff807f56000 	C:\Windows\system32\USER32.dll
0x00007ff8086a0000 - 0x00007ff808827000 	C:\Windows\system32\GDI32.dll
0x00007ffff8150000 - 0x00007ffff83c4000 	C:\Windows\WinSxS\amd64_microsoft.windows.common-controls_6595b64144ccf1df_6.0.10586.839_none_a2ddba30a539a2ae\COMCTL32.dll
0x00007ff807f60000 - 0x00007ff8081de000 	C:\Windows\system32\combase.dll
0x00007ff8051d0000 - 0x00007ff80523a000 	C:\Windows\system32\bcryptPrimitives.dll
0x00007ff807b00000 - 0x00007ff807b3b000 	C:\Windows\system32\IMM32.DLL
0x0000000063bb0000 - 0x0000000063c82000 	C:\Users\karan.kaushik\Downloads\android-studio-ide-171.4415322-windows\android-studio\jre\jre\bin\msvcr100.dll
0x00000000656c0000 - 0x0000000065eff000 	C:\Users\karan.kaushik\Downloads\android-studio-ide-171.4415322-windows\android-studio\jre\jre\bin\server\jvm.dll
0x00007ff807d80000 - 0x00007ff807d88000 	C:\Windows\system32\PSAPI.DLL
0x00007ff802070000 - 0x00007ff802079000 	C:\Windows\SYSTEM32\WSOCK32.dll
0x00007ff807d90000 - 0x00007ff807dfb000 	C:\Windows\system32\WS2_32.dll
0x00007ff8035d0000 - 0x00007ff8035f3000 	C:\Windows\SYSTEM32\WINMM.dll
0x00007ffff53c0000 - 0x00007ffff53ca000 	C:\Windows\SYSTEM32\VERSION.dll
0x0000000000430000 - 0x000000000045c000 	C:\Windows\SYSTEM32\WINMMBASE.dll
0x00007ff805180000 - 0x00007ff8051c3000 	C:\Windows\system32\cfgmgr32.dll
0x00007ff803630000 - 0x00007ff80363f000 	C:\Users\karan.kaushik\Downloads\android-studio-ide-171.4415322-windows\android-studio\jre\jre\bin\verify.dll
0x00007ffffba60000 - 0x00007ffffba89000 	C:\Users\karan.kaushik\Downloads\android-studio-ide-171.4415322-windows\android-studio\jre\jre\bin\java.dll
0x00007ffffbab0000 - 0x00007ffffbac6000 	C:\Users\karan.kaushik\Downloads\android-studio-ide-171.4415322-windows\android-studio\jre\jre\bin\zip.dll

VM Arguments:
jvm_args: -Djava.awt.headless=true -Xmx64M -Dfile.encoding=windows-1252 -Duser.country=US -Duser.language=en -Duser.variant 
java_command: com.google.devtools.build.android.desugar.Desugar @D:\AppCMSDir\AppCMS_SportsNew\android-appcms\AppCMS\build\intermediates\tmp\desugar_args8979905510643446043
java_class_path (initial): C:\Users\karan.kaushik\AppData\Local\Temp\desugar_deploy.jar305769310991130097
Launcher Type: SUN_STANDARD

Environment Variables:
JAVA_HOME=C:\Program Files\Java\jdk1.8.0_92\
PATH=C:\ProgramData\Oracle\Java\javapath;C:\Program Files (x86)\Intel\iCLS Client\;C:\Program Files\Intel\iCLS Client\;C:\Windows\system32;C:\Windows;C:\Windows\System32\Wbem;C:\Windows\System32\WindowsPowerShell\v1.0\;C:\Program Files (x86)\Intel\Intel(R) Management Engine Components\DAL;C:\Program Files\Intel\Intel(R) Management Engine Components\DAL;C:\Program Files (x86)\Intel\Intel(R) Management Engine Components\IPT;C:\Program Files\Intel\Intel(R) Management Engine Components\IPT;c:\Program Files (x86)\ATI Technologies\ATI.ACE\Core-Static;C:\Program Files\Java\jdk1.8.0_92\\bin;C:\grails-2.4.3\bin;C:\Program Files\Git\cmd;C:\Program Files\Intel\WiFi\bin\;C:\Program Files\Common Files\Intel\WirelessCommon\;C:\Program Files (x86)\Skype\Phone\;C:\Program Files\Intel\WiFi\bin\;C:\Program Files\Common Files\Intel\WirelessCommon\;C:\Windows\System32
USERNAME=karan.kaushik
OS=Windows_NT
PROCESSOR_IDENTIFIER=Intel64 Family 6 Model 78 Stepping 3, GenuineIntel



---------------  S Y S T E M  ---------------

OS: Windows 10.0 , 64 bit Build 10586 (10.0.10586.589)

CPU:total 4 (initial active 4) (2 cores per cpu, 2 threads per core) family 6 model 78 stepping 3, cmov, cx8, fxsr, mmx, sse, sse2, sse3, ssse3, sse4.1, sse4.2, popcnt, avx, avx2, aes, clmul, erms, rtm, 3dnowpref, lzcnt, ht, tsc, tscinvbit, bmi1, bmi2, adx

Memory: 4k page, physical 16436172k(3142472k free), swap 24428860k(5836k free)

vm_info: OpenJDK 64-Bit Server VM (25.152-b01) for windows-amd64 JRE (1.8.0_152-release-1012-b01), built by "builder" with MS VC++ 10.0 (VS2010)

time: Fri Nov 10 19:39:29 2017
elapsed time: 0 seconds (0d 0h 0m 0s)

